<?xml version="1.0" encoding="UTF-8"?>
<!-- Generated by org.testng.reporters.JUnitReportReporter -->
<testsuite hostname="ColinJr" failures="0" tests="2" name="unit.tests.AccountTests" time="8.055" errors="0" timestamp="2021-01-04T23:39:14 PST" skipped="1">
  <testcase classname="unit.tests.AccountTests" name="loginTest" time="8.055"/>
  <system-out/>
  <testcase classname="unit.tests.AccountTests" name="logOutTest">
    <skipped/>
  </testcase> <!-- logOutTest -->
  <system-out/>
</testsuite> <!-- unit.tests.AccountTests -->
