<?xml version="1.0" encoding="UTF-8"?>
<!-- Generated by org.testng.reporters.JUnitReportReporter -->
<testsuite hostname="ColinJr" failures="0" tests="1" name="test.main.TestIndex" time="9.014" errors="0" timestamp="2021-01-04T16:12:06 PST" skipped="0">
  <testcase classname="test.main.TestIndex" name="loginTest" time="9.014"/>
  <system-out/>
</testsuite> <!-- test.main.TestIndex -->
